<?xml version="1.0" encoding="UTF-8"?>
<!-- Generated by org.testng.reporters.JUnitReportReporter -->
<testsuite hostname="DESKTOP-5OSSNT7" failures="0" tests="3" name="testengine.BasicTestingTest" time="0.016" errors="0" timestamp="2022-10-02T09:34:51 IST" skipped="0">
  <testcase classname="testengine.BasicTestingTest" name="testCase1" time="0.003"/>
  <system-out/>
  <testcase classname="testengine.BasicTestingTest" name="testCase3" time="0.003"/>
  <system-out/>
  <testcase classname="testengine.BasicTestingTest" name="atestCase2" time="0.010"/>
  <system-out/>
</testsuite> <!-- testengine.BasicTestingTest -->
