<?xml version="1.0" encoding="UTF-8"?>
<!-- Generated by org.testng.reporters.JUnitReportReporter -->
<testsuite hostname="DESKTOP-5OSSNT7" failures="0" tests="3" name="testengine.BasicTest" time="0.048" errors="0" timestamp="2022-10-05T21:31:24 IST" skipped="1">
  <testcase classname="testengine.BasicTest" name="testCase3" time="0.015"/>
  <system-out/>
  <testcase classname="testengine.BasicTest" name="testCase1" time="0.033"/>
  <system-out/>
  <testcase classname="testengine.BasicTest" name="atestCase2">
    <skipped/>
  </testcase> <!-- atestCase2 -->
  <system-out/>
</testsuite> <!-- testengine.BasicTest -->
