<?xml version="1.0" encoding="UTF-8"?>
<!-- Generated by org.testng.reporters.JUnitReportReporter -->
<testsuite hostname="DESKTOP-5OSSNT7" failures="0" tests="1" name="testcases.LoginTeseCae" time="18.086" errors="0" timestamp="2022-10-09T11:42:53 IST" skipped="0">
  <testcase classname="testcases.LoginTeseCae" name="loginFnVerification" time="18.086"/>
  <system-out/>
</testsuite> <!-- testcases.LoginTeseCae -->
