<?xml version="1.0" encoding="UTF-8"?>
<!-- Generated by org.testng.reporters.JUnitReportReporter -->
<testsuite hostname="DESKTOP-5OSSNT7" failures="0" tests="1" name="testengine.Personal_loan" time="0.002" errors="0" timestamp="2022-10-06T09:44:52 IST" skipped="0">
  <testcase classname="testengine.Personal_loan" name="WebLoginPersonalLoan" time="0.002"/>
  <system-out/>
</testsuite> <!-- testengine.Personal_loan -->
