<?xml version="1.0" encoding="UTF-8"?>
<!-- Generated by org.testng.reporters.JUnitReportReporter -->
<testsuite hostname="DESKTOP-5OSSNT7" failures="0" tests="4" name="testengine.DataproviderTesting" time="0.021" errors="0" timestamp="2022-10-06T09:37:04 IST" skipped="0">
  <testcase classname="testengine.DataproviderTesting" name="testCase01" time="0.006"/>
  <system-out/>
  <testcase classname="testengine.DataproviderTesting" name="testCase01" time="0.002"/>
  <system-out/>
  <testcase classname="testengine.DataproviderTesting" name="testCase01" time="0.002"/>
  <system-out/>
  <testcase classname="testengine.DataproviderTesting" name="testCase01" time="0.011"/>
  <system-out/>
</testsuite> <!-- testengine.DataproviderTesting -->
