<?xml version="1.0" encoding="UTF-8"?>
<!-- Generated by org.testng.reporters.JUnitReportReporter -->
<testsuite hostname="DESKTOP-5OSSNT7" failures="0" tests="2" name="testengine.DataProvider2" time="0.017" errors="0" timestamp="2022-10-06T09:48:23 IST" skipped="0">
  <testcase classname="testengine.DataProvider2" name="myTest" time="0.012"/>
  <system-out/>
  <testcase classname="testengine.DataProvider2" name="myTest" time="0.005"/>
  <system-out/>
</testsuite> <!-- testengine.DataProvider2 -->
