<?xml version="1.0" encoding="UTF-8"?>
<!-- Generated by org.testng.reporters.JUnitReportReporter -->
<testsuite hostname="DESKTOP-5OSSNT7" failures="0" tests="1" name="testengine.Home_loan" time="0.012" errors="0" timestamp="2022-10-06T09:44:52 IST" skipped="0">
  <testcase classname="testengine.Home_loan" name="MobileLoginHomeLoan" time="0.012"/>
  <system-out/>
</testsuite> <!-- testengine.Home_loan -->
