<?xml version="1.0" encoding="UTF-8"?>
<!-- Generated by org.testng.reporters.JUnitReportReporter -->
<testsuite hostname="DESKTOP-5OSSNT7" failures="0" tests="1" name="testengine.Car_loan" time="0.003" errors="0" timestamp="2022-10-06T09:44:52 IST" skipped="0">
  <testcase classname="testengine.Car_loan" name="APILoginCarLoan" time="0.003"/>
  <system-out/>
</testsuite> <!-- testengine.Car_loan -->
