<?xml version="1.0" encoding="UTF-8"?>
<!-- Generated by org.testng.reporters.JUnitReportReporter -->
<testsuite hostname="DESKTOP-5OSSNT7" failures="0" tests="1" name="testengine.BasicAssertion2usingbrowser" time="26.557" errors="0" timestamp="2022-10-06T20:54:14 IST" skipped="0">
  <testcase classname="testengine.BasicAssertion2usingbrowser" name="loginButtonBgColorValidation" time="26.557"/>
  <system-out/>
</testsuite> <!-- testengine.BasicAssertion2usingbrowser -->
